<?xml version="1.0" encoding="UTF-8"?>
<!-- Generated by org.testng.reporters.JUnitReportReporter -->
<testsuite skipped="0" hostname="DESKTOP-F70FE3H" name="com.syntax.class19.TestNGDelete" tests="1" failures="0" timestamp="2020-08-28T14:38:13 EDT" time="0.006" errors="0">
  <testcase name="hello" time="0.006" classname="com.syntax.class19.TestNGDelete"/>
  <system-out/>
</testsuite> <!-- com.syntax.class19.TestNGDelete -->
